Using pre-set license
Built from '2020.3/staging' branch; Version is '2020.3.26f1 (7298b473bc1a) revision 7510196'; Using compiler version '192528614'; Build Type 'Release'
OS: 'Windows 10  (10.0.19042) 64bit Core' Language: 'sv' Physical Memory: 8072 MB
BatchMode: 1, IsHumanControllingUs: 0, StartBugReporterOnCrash: 0, Is64bit: 1, IsPro: 0

COMMAND LINE ARGUMENTS:
C:\Program Files\Unity\Hub\Editor\2020.3.26f1\Editor\Unity.exe
-adb2
-batchMode
-noUpm
-name
AssetImportWorker0
-projectPath
C:/Users/nicoh/OneDrive/Skrivbord/Repositories/GD6DanielMattisNicolas/TrustGame
-logFile
Logs/AssetImportWorker0.log
-srvPort
55393
Successfully changed project path to: C:/Users/nicoh/OneDrive/Skrivbord/Repositories/GD6DanielMattisNicolas/TrustGame
C:/Users/nicoh/OneDrive/Skrivbord/Repositories/GD6DanielMattisNicolas/TrustGame
Using Asset Import Pipeline V2.
Refreshing native plugins compatible for Editor in 43.65 ms, found 3 plugins.
Preloading 0 native plugins for Editor in 0.00 ms.
Initialize engine version: 2020.3.26f1 (7298b473bc1a)
[Subsystems] Discovering subsystems at path C:/Program Files/Unity/Hub/Editor/2020.3.26f1/Editor/Data/Resources/UnitySubsystems
[Subsystems] Discovering subsystems at path C:/Users/nicoh/OneDrive/Skrivbord/Repositories/GD6DanielMattisNicolas/TrustGame/Assets
GfxDevice: creating device client; threaded=0
Direct3D:
    Version:  Direct3D 11.0 [level 11.1]
    Renderer: NVIDIA GeForce GTX 1050 (ID=0x1c91)
    Vendor:   
    VRAM:     2996 MB
    Driver:   27.21.14.5749
Initialize mono
Mono path[0] = 'C:/Program Files/Unity/Hub/Editor/2020.3.26f1/Editor/Data/Managed'
Mono path[1] = 'C:/Program Files/Unity/Hub/Editor/2020.3.26f1/Editor/Data/MonoBleedingEdge/lib/mono/unityjit'
Mono config path = 'C:/Program Files/Unity/Hub/Editor/2020.3.26f1/Editor/Data/MonoBleedingEdge/etc'
Using monoOptions --debugger-agent=transport=dt_socket,embedding=1,server=y,suspend=n,address=127.0.0.1:56280
Begin MonoManager ReloadAssembly
Registering precompiled unity dll's ...
Register platform support module: C:/Program Files/Unity/Hub/Editor/2020.3.26f1/Editor/Data/PlaybackEngines/WebGLSupport/UnityEditor.WebGL.Extensions.dll
Register platform support module: C:/Program Files/Unity/Hub/Editor/2020.3.26f1/Editor/Data/PlaybackEngines/WindowsStandaloneSupport/UnityEditor.WindowsStandalone.Extensions.dll
Registered in 0.003534 seconds.
Native extension for WindowsStandalone target not found
Native extension for WebGL target not found
Refreshing native plugins compatible for Editor in 40.43 ms, found 3 plugins.
Preloading 0 native plugins for Editor in 0.00 ms.
Mono: successfully reloaded assembly
- Completed reload, in  0.664 seconds
Domain Reload Profiling:
	ReloadAssembly (664ms)
		BeginReloadAssembly (63ms)
			ExecutionOrderSort (0ms)
			DisableScriptedObjects (0ms)
			BackupInstance (0ms)
			ReleaseScriptingObjects (0ms)
			CreateAndSetChildDomain (1ms)
		EndReloadAssembly (530ms)
			LoadAssemblies (60ms)
			RebuildTransferFunctionScriptingTraits (0ms)
			SetupTypeCache (176ms)
			ReleaseScriptCaches (0ms)
			RebuildScriptCaches (39ms)
			SetupLoadedEditorAssemblies (182ms)
				LogAssemblyErrors (0ms)
				InitializePlatformSupportModulesInManaged (6ms)
				SetLoadedEditorAssemblies (0ms)
				RefreshPlugins (41ms)
				BeforeProcessingInitializeOnLoad (14ms)
				ProcessInitializeOnLoadAttributes (86ms)
				ProcessInitializeOnLoadMethodAttributes (35ms)
				AfterProcessingInitializeOnLoad (0ms)
				EditorAssembliesLoaded (0ms)
			ExecutionOrderSort2 (0ms)
			AwakeInstancesAfterBackupRestoration (0ms)
Platform modules already initialized, skipping
Registering precompiled user dll's ...
Registered in 0.012083 seconds.
Begin MonoManager ReloadAssembly
Native extension for WindowsStandalone target not found
Native extension for WebGL target not found
Refreshing native plugins compatible for Editor in 47.50 ms, found 3 plugins.
Preloading 0 native plugins for Editor in 0.00 ms.
Mono: successfully reloaded assembly
- Completed reload, in  1.167 seconds
Domain Reload Profiling:
	ReloadAssembly (1168ms)
		BeginReloadAssembly (157ms)
			ExecutionOrderSort (0ms)
			DisableScriptedObjects (5ms)
			BackupInstance (0ms)
			ReleaseScriptingObjects (0ms)
			CreateAndSetChildDomain (22ms)
		EndReloadAssembly (947ms)
			LoadAssemblies (111ms)
			RebuildTransferFunctionScriptingTraits (0ms)
			SetupTypeCache (323ms)
			ReleaseScriptCaches (0ms)
			RebuildScriptCaches (47ms)
			SetupLoadedEditorAssemblies (339ms)
				LogAssemblyErrors (0ms)
				InitializePlatformSupportModulesInManaged (5ms)
				SetLoadedEditorAssemblies (0ms)
				RefreshPlugins (48ms)
				BeforeProcessingInitializeOnLoad (83ms)
				ProcessInitializeOnLoadAttributes (179ms)
				ProcessInitializeOnLoadMethodAttributes (17ms)
				AfterProcessingInitializeOnLoad (8ms)
				EditorAssembliesLoaded (0ms)
			ExecutionOrderSort2 (0ms)
			AwakeInstancesAfterBackupRestoration (6ms)
Platform modules already initialized, skipping
========================================================================
Worker process is ready to serve import requests
Launched and connected shader compiler UnityShaderCompiler.exe after 0.06 seconds
Refreshing native plugins compatible for Editor in 0.45 ms, found 3 plugins.
Preloading 0 native plugins for Editor in 0.00 ms.
Unloading 2196 Unused Serialized files (Serialized files now loaded: 0)
System memory in use before: 96.5 MB.
System memory in use after: 96.6 MB.

Unloading 28 unused Assets to reduce memory usage. Loaded Objects now: 2629.
Total: 3.736600 ms (FindLiveObjects: 0.218300 ms CreateObjectMapping: 0.084900 ms MarkObjects: 3.365900 ms  DeleteObjects: 0.066100 ms)

AssetImportParameters requested are different than current active one (requested -> active):
  custom:framework-win-MediaFoundation: 216162199b28c13a410421893ffa2e32 -> 
  custom:video-decoder-ogg-theora: a1e56fd34408186e4bbccfd4996cb3dc -> 
  custom:container-muxer-webm: aa71ff27fc2769a1b78a27578f13a17b -> 
  custom:container-demuxer-webm: 4f35f7cbe854078d1ac9338744f61a02 -> 
  custom:container-demuxer-ogg: 62fdf1f143b41e24485cea50d1cbac27 -> 
  custom:video-encoder-webm-vp8: eb34c28f22e8b96e1ab97ce403110664 -> 
  custom:video-codec-MediaFoundation-h265: 746d11721c4dcdbdad8f713fa42b33f4 -> 
  custom:video-decoder-webm-vp8: 9c59270c3fd7afecdb556c50c9e8de78 -> 
  custom:audio-decoder-ogg-vorbis: bf7c407c2cedff20999df2af8eb42d56 -> 
  custom:audio-encoder-webm-vorbis: bf7c407c2cedff20999df2af8eb42d56 -> 
========================================================================
Received Import Request.
  path: Assets/Scenes
  artifactKey: Guid(c039fb2a455dd33489d5cba0c6f67339) Importer(815301076,1909f56bfc062723c751e8b465ee728b)
Start importing Assets/Scenes using Guid(c039fb2a455dd33489d5cba0c6f67339) Importer(815301076,1909f56bfc062723c751e8b465ee728b)  -> (artifact id: '5dc79c7f4a487932a6d16b60ffb39fb1') in 0.007986 seconds 
  Import took 0.013909 seconds .

========================================================================
Received Import Request.
  Time since last request: 30.061082 seconds.
  path: Assets/Scenes/TrustScene.unity
  artifactKey: Guid(afca154bf3beab64390428c4f633d794) Importer(815301076,1909f56bfc062723c751e8b465ee728b)
Start importing Assets/Scenes/TrustScene.unity using Guid(afca154bf3beab64390428c4f633d794) Importer(815301076,1909f56bfc062723c751e8b465ee728b)  -> (artifact id: '9c6b4df14df6e0ca2bd2892f7e37b2d1') in 0.018118 seconds 
  Import took 0.023610 seconds .

========================================================================
Received Import Request.
  Time since last request: 13.318743 seconds.
  path: Assets
  artifactKey: Guid(00000000000000001000000000000000) Importer(815301076,1909f56bfc062723c751e8b465ee728b)
Start importing Assets using Guid(00000000000000001000000000000000) Importer(815301076,1909f56bfc062723c751e8b465ee728b)  -> (artifact id: '42d402b061de3733987d63b9cc3b64de') in 0.003760 seconds 
  Import took 0.098693 seconds .

========================================================================
Received Import Request.
  Time since last request: 7.908040 seconds.
  path: Assets/Scripts
  artifactKey: Guid(9313b05b1297473438a2a4f178eb87a4) Importer(815301076,1909f56bfc062723c751e8b465ee728b)
Start importing Assets/Scripts using Guid(9313b05b1297473438a2a4f178eb87a4) Importer(815301076,1909f56bfc062723c751e8b465ee728b)  -> (artifact id: '82d1e31c1fbd1638bda08affaf947ebe') in 0.004524 seconds 
  Import took 0.009267 seconds .

========================================================================
Received Import Request.
  Time since last request: 8.069075 seconds.
  path: Assets/Audio
  artifactKey: Guid(057478eeb08b99a4c9566a2ffe9cda42) Importer(815301076,1909f56bfc062723c751e8b465ee728b)
Start importing Assets/Audio using Guid(057478eeb08b99a4c9566a2ffe9cda42) Importer(815301076,1909f56bfc062723c751e8b465ee728b)  -> (artifact id: 'ccef5a239bd7cc114b9f29a74bfcee4b') in 0.009766 seconds 
  Import took 0.014205 seconds .

========================================================================
Received Import Request.
  Time since last request: 13.873131 seconds.
  path: Assets/Audio/SFX
  artifactKey: Guid(f62a3e7ff61a52041ba0aa35f1875e85) Importer(815301076,1909f56bfc062723c751e8b465ee728b)
Start importing Assets/Audio/SFX using Guid(f62a3e7ff61a52041ba0aa35f1875e85) Importer(815301076,1909f56bfc062723c751e8b465ee728b)  -> (artifact id: '758f9cdddd446d4161b315983f116585') in 0.005573 seconds 
  Import took 0.009733 seconds .

========================================================================
Received Import Request.
  Time since last request: 7.358867 seconds.
  path: Assets/Audio/Music
  artifactKey: Guid(06488ea5b349de94e836cbd2bff94baf) Importer(815301076,1909f56bfc062723c751e8b465ee728b)
Start importing Assets/Audio/Music using Guid(06488ea5b349de94e836cbd2bff94baf) Importer(815301076,1909f56bfc062723c751e8b465ee728b)  -> (artifact id: '9fc0c9fb37d64058b9482d7b26da2e0f') in 0.004183 seconds 
  Import took 0.081973 seconds .

========================================================================
Received Import Request.
  Time since last request: 14.083239 seconds.
  path: Assets/Sprites
  artifactKey: Guid(37c788e7e49f7d94cbeb42ac17605136) Importer(815301076,1909f56bfc062723c751e8b465ee728b)
Start importing Assets/Sprites using Guid(37c788e7e49f7d94cbeb42ac17605136) Importer(815301076,1909f56bfc062723c751e8b465ee728b)  -> (artifact id: '36d4746f1aaf66f29e01d6cd5cf5e0d7') in 0.004311 seconds 
  Import took 0.008390 seconds .

========================================================================
Received Import Request.
  Time since last request: 26.447947 seconds.
  path: Assets/Scripts/AudioScripts
  artifactKey: Guid(2f3c0057b60f1894cb59225e064d50a5) Importer(815301076,1909f56bfc062723c751e8b465ee728b)
Start importing Assets/Scripts/AudioScripts using Guid(2f3c0057b60f1894cb59225e064d50a5) Importer(815301076,1909f56bfc062723c751e8b465ee728b)  -> (artifact id: '69d76fc8b0e08a01c81b28e4871c6a22') in 0.004211 seconds 
  Import took 0.007880 seconds .

AssetImportWorkerClient::OnTransportError - code=2 error=End of file
